{"/Users/sashnevski/education/hexlet/backend-project-46/src/genDiff.js": {"path":"/Users/sashnevski/education/hexlet/backend-project-46/src/genDiff.js","statementMap":{"0":{"start":{"line":6,"column":16},"end":{"line":6,"column":67}},"1":{"start":{"line":6,"column":30},"end":{"line":6,"column":67}},"2":{"start":{"line":7,"column":19},"end":{"line":7,"column":78}},"3":{"start":{"line":7,"column":33},"end":{"line":7,"column":78}},"4":{"start":{"line":9,"column":16},"end":{"line":34,"column":1}},"5":{"start":{"line":10,"column":16},"end":{"line":10,"column":34}},"6":{"start":{"line":11,"column":16},"end":{"line":11,"column":34}},"7":{"start":{"line":13,"column":24},"end":{"line":13,"column":41}},"8":{"start":{"line":14,"column":24},"end":{"line":14,"column":41}},"9":{"start":{"line":16,"column":18},"end":{"line":16,"column":89}},"10":{"start":{"line":17,"column":26},"end":{"line":17,"column":46}},"11":{"start":{"line":19,"column":17},"end":{"line":31,"column":8}},"12":{"start":{"line":20,"column":4},"end":{"line":29,"column":5}},"13":{"start":{"line":21,"column":6},"end":{"line":23,"column":7}},"14":{"start":{"line":22,"column":8},"end":{"line":22,"column":60}},"15":{"start":{"line":25,"column":6},"end":{"line":27,"column":7}},"16":{"start":{"line":26,"column":8},"end":{"line":26,"column":60}},"17":{"start":{"line":28,"column":6},"end":{"line":28,"column":92}},"18":{"start":{"line":30,"column":4},"end":{"line":30,"column":49}},"19":{"start":{"line":33,"column":2},"end":{"line":33,"column":46}}},"fnMap":{"0":{"name":"(anonymous_0)","decl":{"start":{"line":6,"column":16},"end":{"line":6,"column":17}},"loc":{"start":{"line":6,"column":30},"end":{"line":6,"column":67}},"line":6},"1":{"name":"(anonymous_1)","decl":{"start":{"line":7,"column":19},"end":{"line":7,"column":20}},"loc":{"start":{"line":7,"column":33},"end":{"line":7,"column":78}},"line":7},"2":{"name":"(anonymous_2)","decl":{"start":{"line":9,"column":16},"end":{"line":9,"column":17}},"loc":{"start":{"line":9,"column":42},"end":{"line":34,"column":1}},"line":9},"3":{"name":"(anonymous_3)","decl":{"start":{"line":19,"column":40},"end":{"line":19,"column":41}},"loc":{"start":{"line":19,"column":54},"end":{"line":31,"column":3}},"line":19}},"branchMap":{"0":{"loc":{"start":{"line":20,"column":4},"end":{"line":29,"column":5}},"type":"if","locations":[{"start":{"line":20,"column":4},"end":{"line":29,"column":5}},{"start":{},"end":{}}],"line":20},"1":{"loc":{"start":{"line":21,"column":6},"end":{"line":23,"column":7}},"type":"if","locations":[{"start":{"line":21,"column":6},"end":{"line":23,"column":7}},{"start":{},"end":{}}],"line":21},"2":{"loc":{"start":{"line":21,"column":10},"end":{"line":21,"column":61}},"type":"binary-expr","locations":[{"start":{"line":21,"column":10},"end":{"line":21,"column":33}},{"start":{"line":21,"column":37},"end":{"line":21,"column":61}}],"line":21},"3":{"loc":{"start":{"line":25,"column":6},"end":{"line":27,"column":7}},"type":"if","locations":[{"start":{"line":25,"column":6},"end":{"line":27,"column":7}},{"start":{},"end":{}}],"line":25},"4":{"loc":{"start":{"line":25,"column":10},"end":{"line":25,"column":61}},"type":"binary-expr","locations":[{"start":{"line":25,"column":10},"end":{"line":25,"column":34}},{"start":{"line":25,"column":38},"end":{"line":25,"column":61}}],"line":25}},"s":{"0":1,"1":2,"2":1,"3":2,"4":1,"5":1,"6":1,"7":1,"8":1,"9":1,"10":1,"11":1,"12":5,"13":4,"14":2,"15":2,"16":1,"17":1,"18":1,"19":1},"f":{"0":2,"1":2,"2":1,"3":5},"b":{"0":[4,1],"1":[2,2],"2":[4,3],"3":[1,1],"4":[2,1]},"_coverageSchema":"1a1c01bbd47fc00a2c39e90264f33305004495a9","hash":"642adb3109e6914c14ad1c991ae78b955fb1c4b4"}
}
