TN:
SF:src/genDiff.js
FN:6,(anonymous_0)
FN:7,(anonymous_1)
FN:9,(anonymous_2)
FN:19,(anonymous_3)
FNF:4
FNH:4
FNDA:2,(anonymous_0)
FNDA:2,(anonymous_1)
FNDA:1,(anonymous_2)
FNDA:5,(anonymous_3)
DA:6,2
DA:7,2
DA:9,1
DA:10,1
DA:11,1
DA:13,1
DA:14,1
DA:16,1
DA:17,1
DA:19,1
DA:20,5
DA:21,4
DA:22,2
DA:25,2
DA:26,1
DA:28,1
DA:30,1
DA:33,1
LF:18
LH:18
BRDA:20,0,0,4
BRDA:20,0,1,1
BRDA:21,1,0,2
BRDA:21,1,1,2
BRDA:21,2,0,4
BRDA:21,2,1,3
BRDA:25,3,0,1
BRDA:25,3,1,1
BRDA:25,4,0,2
BRDA:25,4,1,1
BRF:10
BRH:10
end_of_record
